Namespace(root_dir=None, frames_dir='/home/huyanh/astrm/data/fs_perf/frames', train_subdir='train', valid_subdir='valid', train_csv_filename='/home/huyanh/Workspace/hand_touch_detection/data/fs_perf_train_tsp.csv', valid_csv_filename='/home/huyanh/Workspace/hand_touch_detection/data/fs_perf_val_tsp.csv', label_columns=['action-label', 'temporal-region-label'], label_mapping_jsons=['/home/huyanh/Workspace/hand_touch_detection/data/fs_perf_action_label_mapping.json', '/home/huyanh/Workspace/hand_touch_detection/data/temporal_region_label_mapping.json'], loss_alphas=[1.0, 1.0], global_video_features='/home/huyanh/Workspace/hand_touch_detection/outputs/fs_perf/encoders/tsp/gvf/mvit_v1_b-max_gvf.h5', backbone='r2plus1d_34', device='cuda', clip_len=12, frame_rate=25, clips_per_segment=5, batch_size=16, workers=6, epochs=4, backbone_lr=0.0001, fc_lr=0.004, lr_warmup_epochs=2, lr_milestones=[4, 6], lr_gamma=0.01, momentum=0.9, weight_decay=0.005, valid_only=False, train_only_one_epoch=False, print_freq=100, output_dir='/home/huyanh/Workspace/hand_touch_detection/outputs/fs_perf/encoders/tsp/train', resume='', start_epoch=0, dist_url='env://', sync_bn=False, debug=False)
Not using distributed mode
TORCH VERSION:  2.9.1+cu128
TORCHVISION VERSION:  0.24.1+cu128
USING FRAME DATASET (reading JPGs from /home/huyanh/astrm/data/fs_perf/frames)
LOADING DATA
<FrameUntrimmedVideoDataset>: removed 286=20.74% from the 1379 segments because they are shorter than clip_length=12 frames at frame_rate=25 fps.
<FrameUntrimmedVideoDataset>: removed 139=20.47% from the 679 segments because they are shorter than clip_length=12 frames at frame_rate=25 fps.
CREATING DATA LOADERS
CREATING MODEL
GVF size inferred from /home/huyanh/Workspace/hand_touch_detection/outputs/fs_perf/encoders/tsp/gvf/mvit_v1_b-max_gvf.h5: 768
<Model>: backbone r2plus1d_34 num_classes [4, 2] num_heads 2 gvf_size 768 kwargs {}
START TRAINING
Train Epoch 0: [  0/342] eta: 0:23:08 stem_lr: 0.00e+00 backbone_lr: 1.00e-09 fc_lr: 4.00e-08 clips/s: 4.25 acc_action-label: 11.11 loss_action-label: 1.48 acc_temporal-region-label: 56.25 loss_temporal-region-label: 0.66 loss: 2.14 time: 4.06 data: 0.29 max_mem: 30.12GB
Train Epoch 0: [100/342] eta: 0:00:51 stem_lr: 0.00e+00 backbone_lr: 1.46e-05 fc_lr: 5.85e-04 clips/s: 91.12 acc_action-label: 50.32 loss_action-label: 1.18 acc_temporal-region-label: 68.32 loss_temporal-region-label: 0.61 loss: 1.80 time: 0.18 data: 0.00 max_mem: 30.12GB
Train Epoch 0: [200/342] eta: 0:00:27 stem_lr: 0.00e+00 backbone_lr: 2.92e-05 fc_lr: 1.17e-03 clips/s: 90.85 acc_action-label: 62.27 loss_action-label: 0.99 acc_temporal-region-label: 70.55 loss_temporal-region-label: 0.58 loss: 1.57 time: 0.18 data: 0.00 max_mem: 30.12GB
Train Epoch 0: [300/342] eta: 0:00:07 stem_lr: 0.00e+00 backbone_lr: 4.39e-05 fc_lr: 1.75e-03 clips/s: 90.84 acc_action-label: 69.26 loss_action-label: 0.80 acc_temporal-region-label: 76.47 loss_temporal-region-label: 0.49 loss: 1.29 time: 0.18 data: 0.00 max_mem: 30.12GB
Train Epoch 0: total time: 0:01:06

Valid Epoch 0: [  0/169] eta: 0:01:00 acc_action-label: 90.91 loss_action-label: 0.33 acc_temporal-region-label: 100.00 loss_temporal-region-label: 0.07 loss: 0.40 time: 0.36 data: 0.30 max_mem: 30.12GB
Valid Epoch 0: [100/169] eta: 0:00:03 acc_action-label: 91.25 loss_action-label: 0.23 acc_temporal-region-label: 93.19 loss_temporal-region-label: 0.19 loss: 0.43 time: 0.05 data: 0.00 max_mem: 30.12GB
Valid Epoch 0: total time: 0:00:08

** Valid Epoch 0:  <action-label> Accuracy 91.285 Loss 0.237; <temporal-region-label> Accuracy 94.963 Loss 0.146; Total Loss 0.383 Avg Accuracy 93.124

Train Epoch 1: [  0/342] eta: 0:02:54 stem_lr: 0.00e+00 backbone_lr: 5.00e-05 fc_lr: 2.00e-03 clips/s: 85.33 acc_action-label: 100.00 loss_action-label: 0.20 acc_temporal-region-label: 100.00 loss_temporal-region-label: 0.08 loss: 0.28 time: 0.51 data: 0.32 max_mem: 30.12GB
Train Epoch 1: [100/342] eta: 0:00:43 stem_lr: 0.00e+00 backbone_lr: 6.46e-05 fc_lr: 2.58e-03 clips/s: 90.85 acc_action-label: 96.20 loss_action-label: 0.13 acc_temporal-region-label: 93.32 loss_temporal-region-label: 0.18 loss: 0.31 time: 0.18 data: 0.00 max_mem: 30.12GB
Train Epoch 1: [200/342] eta: 0:00:25 stem_lr: 0.00e+00 backbone_lr: 7.92e-05 fc_lr: 3.17e-03 clips/s: 90.76 acc_action-label: 96.79 loss_action-label: 0.11 acc_temporal-region-label: 95.30 loss_temporal-region-label: 0.13 loss: 0.24 time: 0.18 data: 0.00 max_mem: 30.12GB
Train Epoch 1: [300/342] eta: 0:00:07 stem_lr: 0.00e+00 backbone_lr: 9.39e-05 fc_lr: 3.75e-03 clips/s: 90.69 acc_action-label: 97.14 loss_action-label: 0.09 acc_temporal-region-label: 96.18 loss_temporal-region-label: 0.11 loss: 0.20 time: 0.18 data: 0.00 max_mem: 30.12GB
Train Epoch 1: total time: 0:01:00

Valid Epoch 1: [  0/169] eta: 0:01:02 acc_action-label: 90.91 loss_action-label: 0.45 acc_temporal-region-label: 100.00 loss_temporal-region-label: 0.02 loss: 0.47 time: 0.37 data: 0.32 max_mem: 30.12GB
Valid Epoch 1: [100/169] eta: 0:00:03 acc_action-label: 98.79 loss_action-label: 0.04 acc_temporal-region-label: 95.98 loss_temporal-region-label: 0.15 loss: 0.19 time: 0.05 data: 0.00 max_mem: 30.12GB
Valid Epoch 1: total time: 0:00:08

** Valid Epoch 1:  <action-label> Accuracy 98.939 Loss 0.042; <temporal-region-label> Accuracy 96.519 Loss 0.121; Total Loss 0.162 Avg Accuracy 97.729

Train Epoch 2: [  0/342] eta: 0:02:55 stem_lr: 0.00e+00 backbone_lr: 1.00e-04 fc_lr: 4.00e-03 clips/s: 86.52 acc_action-label: 100.00 loss_action-label: 0.01 acc_temporal-region-label: 100.00 loss_temporal-region-label: 0.00 loss: 0.02 time: 0.51 data: 0.33 max_mem: 30.12GB
Train Epoch 2: [100/342] eta: 0:00:43 stem_lr: 0.00e+00 backbone_lr: 1.00e-04 fc_lr: 4.00e-03 clips/s: 90.83 acc_action-label: 98.30 loss_action-label: 0.04 acc_temporal-region-label: 97.34 loss_temporal-region-label: 0.06 loss: 0.11 time: 0.18 data: 0.00 max_mem: 30.12GB
Train Epoch 2: [200/342] eta: 0:00:25 stem_lr: 0.00e+00 backbone_lr: 1.00e-04 fc_lr: 4.00e-03 clips/s: 90.80 acc_action-label: 98.35 loss_action-label: 0.04 acc_temporal-region-label: 97.48 loss_temporal-region-label: 0.07 loss: 0.11 time: 0.18 data: 0.00 max_mem: 30.12GB
Train Epoch 2: [300/342] eta: 0:00:07 stem_lr: 0.00e+00 backbone_lr: 1.00e-04 fc_lr: 4.00e-03 clips/s: 90.89 acc_action-label: 98.84 loss_action-label: 0.03 acc_temporal-region-label: 97.86 loss_temporal-region-label: 0.06 loss: 0.09 time: 0.18 data: 0.00 max_mem: 30.12GB
Train Epoch 2: total time: 0:01:00

Valid Epoch 2: [  0/169] eta: 0:01:14 acc_action-label: 90.91 loss_action-label: 0.68 acc_temporal-region-label: 100.00 loss_temporal-region-label: 0.00 loss: 0.68 time: 0.44 data: 0.39 max_mem: 30.12GB
Valid Epoch 2: [100/169] eta: 0:00:03 acc_action-label: 97.77 loss_action-label: 0.09 acc_temporal-region-label: 98.89 loss_temporal-region-label: 0.05 loss: 0.13 time: 0.05 data: 0.00 max_mem: 30.12GB
Valid Epoch 2: total time: 0:00:08

** Valid Epoch 2:  <action-label> Accuracy 98.101 Loss 0.072; <temporal-region-label> Accuracy 99.074 Loss 0.034; Total Loss 0.106 Avg Accuracy 98.587

Train Epoch 3: [  0/342] eta: 0:02:55 stem_lr: 0.00e+00 backbone_lr: 1.00e-04 fc_lr: 4.00e-03 clips/s: 86.53 acc_action-label: 100.00 loss_action-label: 0.00 acc_temporal-region-label: 100.00 loss_temporal-region-label: 0.01 loss: 0.01 time: 0.51 data: 0.33 max_mem: 30.12GB
Train Epoch 3: [100/342] eta: 0:00:43 stem_lr: 0.00e+00 backbone_lr: 1.00e-04 fc_lr: 4.00e-03 clips/s: 90.82 acc_action-label: 99.43 loss_action-label: 0.02 acc_temporal-region-label: 98.33 loss_temporal-region-label: 0.05 loss: 0.07 time: 0.18 data: 0.00 max_mem: 30.12GB
Train Epoch 3: [200/342] eta: 0:00:25 stem_lr: 0.00e+00 backbone_lr: 1.00e-04 fc_lr: 4.00e-03 clips/s: 90.82 acc_action-label: 99.20 loss_action-label: 0.02 acc_temporal-region-label: 98.23 loss_temporal-region-label: 0.05 loss: 0.08 time: 0.18 data: 0.00 max_mem: 30.12GB
Train Epoch 3: [300/342] eta: 0:00:07 stem_lr: 0.00e+00 backbone_lr: 1.00e-04 fc_lr: 4.00e-03 clips/s: 90.80 acc_action-label: 99.35 loss_action-label: 0.02 acc_temporal-region-label: 98.42 loss_temporal-region-label: 0.05 loss: 0.07 time: 0.18 data: 0.00 max_mem: 30.12GB
Train Epoch 3: total time: 0:01:00

Valid Epoch 3: [  0/169] eta: 0:00:59 acc_action-label: 100.00 loss_action-label: 0.01 acc_temporal-region-label: 100.00 loss_temporal-region-label: 0.00 loss: 0.01 time: 0.35 data: 0.30 max_mem: 30.12GB
Valid Epoch 3: [100/169] eta: 0:00:03 acc_action-label: 98.60 loss_action-label: 0.05 acc_temporal-region-label: 99.07 loss_temporal-region-label: 0.04 loss: 0.08 time: 0.05 data: 0.00 max_mem: 30.12GB
Valid Epoch 3: total time: 0:00:08

** Valid Epoch 3:  <action-label> Accuracy 98.659 Loss 0.042; <temporal-region-label> Accuracy 99.148 Loss 0.032; Total Loss 0.075 Avg Accuracy 98.904

Training time 0:04:44
