episodes found: 4021
already done: 0; to process: 4021
loading MViT-B (16x4, Kinetics-400)...
total clips: 13834
  320/13834 clips
  640/13834 clips
  960/13834 clips
  1280/13834 clips
  1600/13834 clips
  1920/13834 clips
  2240/13834 clips
  2560/13834 clips
  2880/13834 clips
  3200/13834 clips
  3520/13834 clips
  3840/13834 clips
  4160/13834 clips
  4480/13834 clips
  4800/13834 clips
  5120/13834 clips
  5440/13834 clips
  5760/13834 clips
  6080/13834 clips
  6400/13834 clips
  6720/13834 clips
  7040/13834 clips
  7360/13834 clips
  7680/13834 clips
  8000/13834 clips
  8320/13834 clips
  8640/13834 clips
  8960/13834 clips
  9280/13834 clips
  9600/13834 clips
  9920/13834 clips
  10240/13834 clips
  10560/13834 clips
  10880/13834 clips
  11200/13834 clips
  11520/13834 clips
  11840/13834 clips
  12160/13834 clips
  12480/13834 clips
  12800/13834 clips
  13120/13834 clips
  13440/13834 clips
  13760/13834 clips
DONE. wrote MViT-B GVF for 4021 videos -> /home/huyanh/Workspace/hand_touch_detection/outputs/touchmoment/encoders/tsp/gvf/mvit_v1_b-max_gvf.h5
