===== [2026-07-01 23:45:29] STAGE 1/6: touchmoment MViT GVF (3234 videos) =====
episodes found: 4021
already done: 0; to process: 4021
loading MViT-B (16x4, Kinetics-400)...
total clips: 13834
  320/13834 clips
  640/13834 clips
  960/13834 clips
  1280/13834 clips
  1600/13834 clips
  1920/13834 clips
  2240/13834 clips
  2560/13834 clips
  2880/13834 clips
  3200/13834 clips
  3520/13834 clips
  3840/13834 clips
  4160/13834 clips
  4480/13834 clips
  4800/13834 clips
  5120/13834 clips
  5440/13834 clips
  5760/13834 clips
  6080/13834 clips
  6400/13834 clips
  6720/13834 clips
  7040/13834 clips
  7360/13834 clips
  7680/13834 clips
  8000/13834 clips
  8320/13834 clips
  8640/13834 clips
  8960/13834 clips
  9280/13834 clips
  9600/13834 clips
  9920/13834 clips
  10240/13834 clips
  10560/13834 clips
  10880/13834 clips
  11200/13834 clips
  11520/13834 clips
  11840/13834 clips
  12160/13834 clips
  12480/13834 clips
  12800/13834 clips
  13120/13834 clips
  13440/13834 clips
  13760/13834 clips
DONE. wrote MViT-B GVF for 4021 videos -> /home/huyanh/Workspace/hand_touch_detection/outputs/touchmoment/encoders/tsp/gvf/mvit_v1_b-max_gvf.h5
===== [2026-07-01 23:49:12] STAGE 2/6: TSP train (2-class dual-head + GVF, native frames, 6 epochs) =====
Namespace(root_dir=None, frames_dir='/home/huyanh/Workspace/dataset/hoi4d/frames', train_subdir='train', valid_subdir='valid', train_csv_filename='/home/huyanh/Workspace/hand_touch_detection/data/touchmoment_train_tsp.csv', valid_csv_filename='/home/huyanh/Workspace/hand_touch_detection/data/touchmoment_val_tsp.csv', label_columns=['action-label', 'temporal-region-label'], label_mapping_jsons=['/home/huyanh/Workspace/hand_touch_detection/data/action_label_mapping.json', '/home/huyanh/Workspace/hand_touch_detection/data/temporal_region_label_mapping.json'], loss_alphas=[1.0, 1.0], global_video_features='/home/huyanh/Workspace/hand_touch_detection/outputs/touchmoment/encoders/tsp/gvf/mvit_v1_b-max_gvf.h5', backbone='r2plus1d_34', device='cuda', clip_len=12, frame_rate=15, clips_per_segment=5, batch_size=16, workers=6, epochs=6, backbone_lr=0.0001, fc_lr=0.004, lr_warmup_epochs=2, lr_milestones=[4, 6], lr_gamma=0.01, momentum=0.9, weight_decay=0.005, valid_only=False, train_only_one_epoch=False, print_freq=100, output_dir='/home/huyanh/Workspace/hand_touch_detection/outputs/touchmoment/encoders/tsp/train', resume='', start_epoch=0, dist_url='env://', sync_bn=False, debug=False)
Not using distributed mode
TORCH VERSION:  2.9.1+cu128
TORCHVISION VERSION:  0.24.1+cu128
USING FRAME DATASET (reading JPGs from /home/huyanh/Workspace/dataset/hoi4d/frames)
LOADING DATA
<FrameUntrimmedVideoDataset>: removed 1696=6.04% from the 28068 segments shorter than clip_length=12 native frames.
<FrameUntrimmedVideoDataset>: removed 70=5.05% from the 1387 segments shorter than clip_length=12 native frames.
CREATING DATA LOADERS
CREATING MODEL
GVF size inferred from /home/huyanh/Workspace/hand_touch_detection/outputs/touchmoment/encoders/tsp/gvf/mvit_v1_b-max_gvf.h5: 768
<Model>: backbone r2plus1d_34 num_classes [2, 2] num_heads 2 gvf_size 768 kwargs {}
START TRAINING
Train Epoch 0: [   0/8242] eta: 11:06:17 stem_lr: 0.00e+00 backbone_lr: 1.00e-09 fc_lr: 4.00e-08 clips/s: 4.16 acc_action-label: 58.33 loss_action-label: 0.70 acc_temporal-region-label: 75.00 loss_temporal-region-label: 0.59 loss: 1.29 time: 4.85 data: 1.00 max_mem: 30.12GB
Train Epoch 0: [ 100/8242] eta: 0:30:15 stem_lr: 0.00e+00 backbone_lr: 6.08e-07 fc_lr: 2.43e-05 clips/s: 90.53 acc_action-label: 51.85 loss_action-label: 0.70 acc_temporal-region-label: 50.74 loss_temporal-region-label: 0.70 loss: 1.40 time: 0.18 data: 0.00 max_mem: 30.12GB
Train Epoch 0: [ 200/8242] eta: 0:26:49 stem_lr: 0.00e+00 backbone_lr: 1.21e-06 fc_lr: 4.86e-05 clips/s: 90.37 acc_action-label: 52.81 loss_action-label: 0.69 acc_temporal-region-label: 50.96 loss_temporal-region-label: 0.70 loss: 1.39 time: 0.18 data: 0.00 max_mem: 30.12GB
Train Epoch 0: [ 300/8242] eta: 0:25:28 stem_lr: 0.00e+00 backbone_lr: 1.82e-06 fc_lr: 7.28e-05 clips/s: 90.71 acc_action-label: 53.60 loss_action-label: 0.69 acc_temporal-region-label: 51.99 loss_temporal-region-label: 0.70 loss: 1.39 time: 0.18 data: 0.00 max_mem: 30.12GB
Train Epoch 0: [ 400/8242] eta: 0:24:39 stem_lr: 0.00e+00 backbone_lr: 2.43e-06 fc_lr: 9.71e-05 clips/s: 90.51 acc_action-label: 54.63 loss_action-label: 0.69 acc_temporal-region-label: 51.84 loss_temporal-region-label: 0.69 loss: 1.38 time: 0.18 data: 0.00 max_mem: 30.12GB
Train Epoch 0: [ 500/8242] eta: 0:24:02 stem_lr: 0.00e+00 backbone_lr: 3.03e-06 fc_lr: 1.21e-04 clips/s: 90.51 acc_action-label: 55.83 loss_action-label: 0.68 acc_temporal-region-label: 52.74 loss_temporal-region-label: 0.69 loss: 1.37 time: 0.18 data: 0.00 max_mem: 30.12GB
Train Epoch 0: [ 600/8242] eta: 0:23:32 stem_lr: 0.00e+00 backbone_lr: 3.64e-06 fc_lr: 1.46e-04 clips/s: 90.35 acc_action-label: 56.77 loss_action-label: 0.68 acc_temporal-region-label: 53.65 loss_temporal-region-label: 0.69 loss: 1.37 time: 0.18 data: 0.00 max_mem: 30.12GB
Train Epoch 0: [ 700/8242] eta: 0:23:05 stem_lr: 0.00e+00 backbone_lr: 4.25e-06 fc_lr: 1.70e-04 clips/s: 90.44 acc_action-label: 57.90 loss_action-label: 0.67 acc_temporal-region-label: 54.47 loss_temporal-region-label: 0.69 loss: 1.36 time: 0.18 data: 0.00 max_mem: 30.12GB
Train Epoch 0: [ 800/8242] eta: 0:22:40 stem_lr: 0.00e+00 backbone_lr: 4.85e-06 fc_lr: 1.94e-04 clips/s: 90.43 acc_action-label: 59.42 loss_action-label: 0.66 acc_temporal-region-label: 54.94 loss_temporal-region-label: 0.68 loss: 1.35 time: 0.18 data: 0.00 max_mem: 30.12GB
Train Epoch 0: [ 900/8242] eta: 0:22:17 stem_lr: 0.00e+00 backbone_lr: 5.46e-06 fc_lr: 2.18e-04 clips/s: 90.56 acc_action-label: 61.16 loss_action-label: 0.65 acc_temporal-region-label: 55.38 loss_temporal-region-label: 0.68 loss: 1.33 time: 0.18 data: 0.00 max_mem: 30.12GB
Train Epoch 0: [1000/8242] eta: 0:21:56 stem_lr: 0.00e+00 backbone_lr: 6.07e-06 fc_lr: 2.43e-04 clips/s: 90.49 acc_action-label: 62.85 loss_action-label: 0.63 acc_temporal-region-label: 56.25 loss_temporal-region-label: 0.68 loss: 1.31 time: 0.18 data: 0.00 max_mem: 30.12GB
Train Epoch 0: [1100/8242] eta: 0:21:34 stem_lr: 0.00e+00 backbone_lr: 6.67e-06 fc_lr: 2.67e-04 clips/s: 90.60 acc_action-label: 64.64 loss_action-label: 0.61 acc_temporal-region-label: 56.95 loss_temporal-region-label: 0.67 loss: 1.29 time: 0.18 data: 0.00 max_mem: 30.12GB
Train Epoch 0: [1200/8242] eta: 0:21:14 stem_lr: 0.00e+00 backbone_lr: 7.28e-06 fc_lr: 2.91e-04 clips/s: 90.62 acc_action-label: 66.35 loss_action-label: 0.59 acc_temporal-region-label: 57.56 loss_temporal-region-label: 0.67 loss: 1.26 time: 0.18 data: 0.00 max_mem: 30.12GB
Train Epoch 0: [1300/8242] eta: 0:20:54 stem_lr: 0.00e+00 backbone_lr: 7.89e-06 fc_lr: 3.15e-04 clips/s: 90.43 acc_action-label: 68.04 loss_action-label: 0.57 acc_temporal-region-label: 58.30 loss_temporal-region-label: 0.66 loss: 1.23 time: 0.18 data: 0.00 max_mem: 30.12GB
Train Epoch 0: [1400/8242] eta: 0:20:34 stem_lr: 0.00e+00 backbone_lr: 8.49e-06 fc_lr: 3.40e-04 clips/s: 90.53 acc_action-label: 69.56 loss_action-label: 0.55 acc_temporal-region-label: 58.93 loss_temporal-region-label: 0.66 loss: 1.21 time: 0.18 data: 0.00 max_mem: 30.12GB
Train Epoch 0: [1500/8242] eta: 0:20:14 stem_lr: 0.00e+00 backbone_lr: 9.10e-06 fc_lr: 3.64e-04 clips/s: 90.44 acc_action-label: 70.98 loss_action-label: 0.53 acc_temporal-region-label: 59.69 loss_temporal-region-label: 0.65 loss: 1.18 time: 0.18 data: 0.00 max_mem: 30.12GB
Train Epoch 0: [1600/8242] eta: 0:19:55 stem_lr: 0.00e+00 backbone_lr: 9.71e-06 fc_lr: 3.88e-04 clips/s: 90.48 acc_action-label: 72.19 loss_action-label: 0.51 acc_temporal-region-label: 60.42 loss_temporal-region-label: 0.64 loss: 1.16 time: 0.18 data: 0.00 max_mem: 30.12GB
Train Epoch 0: [1700/8242] eta: 0:19:36 stem_lr: 0.00e+00 backbone_lr: 1.03e-05 fc_lr: 4.13e-04 clips/s: 90.41 acc_action-label: 73.31 loss_action-label: 0.50 acc_temporal-region-label: 61.17 loss_temporal-region-label: 0.64 loss: 1.13 time: 0.18 data: 0.00 max_mem: 30.12GB
Train Epoch 0: [1800/8242] eta: 0:19:17 stem_lr: 0.00e+00 backbone_lr: 1.09e-05 fc_lr: 4.37e-04 clips/s: 90.46 acc_action-label: 74.25 loss_action-label: 0.48 acc_temporal-region-label: 61.96 loss_temporal-region-label: 0.63 loss: 1.11 time: 0.18 data: 0.00 max_mem: 30.12GB
Train Epoch 0: [1900/8242] eta: 0:18:58 stem_lr: 0.00e+00 backbone_lr: 1.15e-05 fc_lr: 4.61e-04 clips/s: 90.54 acc_action-label: 75.15 loss_action-label: 0.47 acc_temporal-region-label: 62.79 loss_temporal-region-label: 0.62 loss: 1.09 time: 0.18 data: 0.00 max_mem: 30.12GB
Train Epoch 0: [2000/8242] eta: 0:18:39 stem_lr: 0.00e+00 backbone_lr: 1.21e-05 fc_lr: 4.85e-04 clips/s: 90.37 acc_action-label: 75.94 loss_action-label: 0.46 acc_temporal-region-label: 63.57 loss_temporal-region-label: 0.61 loss: 1.07 time: 0.18 data: 0.00 max_mem: 30.12GB
Train Epoch 0: [2100/8242] eta: 0:18:21 stem_lr: 0.00e+00 backbone_lr: 1.27e-05 fc_lr: 5.10e-04 clips/s: 90.51 acc_action-label: 76.70 loss_action-label: 0.44 acc_temporal-region-label: 64.30 loss_temporal-region-label: 0.60 loss: 1.05 time: 0.18 data: 0.00 max_mem: 30.12GB
Train Epoch 0: [2200/8242] eta: 0:18:02 stem_lr: 0.00e+00 backbone_lr: 1.33e-05 fc_lr: 5.34e-04 clips/s: 90.39 acc_action-label: 77.43 loss_action-label: 0.43 acc_temporal-region-label: 65.12 loss_temporal-region-label: 0.59 loss: 1.02 time: 0.18 data: 0.00 max_mem: 30.12GB
Train Epoch 0: [2300/8242] eta: 0:17:44 stem_lr: 0.00e+00 backbone_lr: 1.40e-05 fc_lr: 5.58e-04 clips/s: 90.59 acc_action-label: 78.21 loss_action-label: 0.42 acc_temporal-region-label: 65.88 loss_temporal-region-label: 0.58 loss: 1.00 time: 0.18 data: 0.00 max_mem: 30.12GB
Train Epoch 0: [2400/8242] eta: 0:17:25 stem_lr: 0.00e+00 backbone_lr: 1.46e-05 fc_lr: 5.82e-04 clips/s: 90.33 acc_action-label: 78.82 loss_action-label: 0.41 acc_temporal-region-label: 66.62 loss_temporal-region-label: 0.57 loss: 0.98 time: 0.18 data: 0.00 max_mem: 30.12GB
Train Epoch 0: [2500/8242] eta: 0:17:07 stem_lr: 0.00e+00 backbone_lr: 1.52e-05 fc_lr: 6.07e-04 clips/s: 90.46 acc_action-label: 79.49 loss_action-label: 0.40 acc_temporal-region-label: 67.34 loss_temporal-region-label: 0.57 loss: 0.96 time: 0.18 data: 0.00 max_mem: 30.12GB
Train Epoch 0: [2600/8242] eta: 0:16:49 stem_lr: 0.00e+00 backbone_lr: 1.58e-05 fc_lr: 6.31e-04 clips/s: 90.54 acc_action-label: 80.09 loss_action-label: 0.39 acc_temporal-region-label: 68.01 loss_temporal-region-label: 0.56 loss: 0.95 time: 0.18 data: 0.00 max_mem: 30.12GB
Train Epoch 0: [2700/8242] eta: 0:16:30 stem_lr: 0.00e+00 backbone_lr: 1.64e-05 fc_lr: 6.55e-04 clips/s: 90.50 acc_action-label: 80.66 loss_action-label: 0.38 acc_temporal-region-label: 68.72 loss_temporal-region-label: 0.55 loss: 0.93 time: 0.18 data: 0.00 max_mem: 30.12GB
Train Epoch 0: [2800/8242] eta: 0:16:12 stem_lr: 0.00e+00 backbone_lr: 1.70e-05 fc_lr: 6.79e-04 clips/s: 90.46 acc_action-label: 81.19 loss_action-label: 0.37 acc_temporal-region-label: 69.41 loss_temporal-region-label: 0.54 loss: 0.91 time: 0.18 data: 0.00 max_mem: 30.12GB
Train Epoch 0: [2900/8242] eta: 0:15:54 stem_lr: 0.00e+00 backbone_lr: 1.76e-05 fc_lr: 7.04e-04 clips/s: 90.56 acc_action-label: 81.62 loss_action-label: 0.36 acc_temporal-region-label: 70.04 loss_temporal-region-label: 0.53 loss: 0.89 time: 0.18 data: 0.00 max_mem: 30.12GB
Train Epoch 0: [3000/8242] eta: 0:15:36 stem_lr: 0.00e+00 backbone_lr: 1.82e-05 fc_lr: 7.28e-04 clips/s: 90.40 acc_action-label: 82.03 loss_action-label: 0.36 acc_temporal-region-label: 70.60 loss_temporal-region-label: 0.52 loss: 0.88 time: 0.18 data: 0.00 max_mem: 30.12GB
Train Epoch 0: [3100/8242] eta: 0:15:18 stem_lr: 0.00e+00 backbone_lr: 1.88e-05 fc_lr: 7.52e-04 clips/s: 90.56 acc_action-label: 82.51 loss_action-label: 0.35 acc_temporal-region-label: 71.10 loss_temporal-region-label: 0.52 loss: 0.87 time: 0.18 data: 0.00 max_mem: 30.12GB
Train Epoch 0: [3200/8242] eta: 0:15:00 stem_lr: 0.00e+00 backbone_lr: 1.94e-05 fc_lr: 7.77e-04 clips/s: 90.54 acc_action-label: 82.91 loss_action-label: 0.34 acc_temporal-region-label: 71.64 loss_temporal-region-label: 0.51 loss: 0.85 time: 0.18 data: 0.00 max_mem: 30.12GB
Train Epoch 0: [3300/8242] eta: 0:14:42 stem_lr: 0.00e+00 backbone_lr: 2.00e-05 fc_lr: 8.01e-04 clips/s: 90.44 acc_action-label: 83.30 loss_action-label: 0.34 acc_temporal-region-label: 72.15 loss_temporal-region-label: 0.50 loss: 0.84 time: 0.18 data: 0.00 max_mem: 30.12GB
Train Epoch 0: [3400/8242] eta: 0:14:24 stem_lr: 0.00e+00 backbone_lr: 2.06e-05 fc_lr: 8.25e-04 clips/s: 90.54 acc_action-label: 83.64 loss_action-label: 0.33 acc_temporal-region-label: 72.63 loss_temporal-region-label: 0.50 loss: 0.83 time: 0.18 data: 0.00 max_mem: 30.12GB
Train Epoch 0: [3500/8242] eta: 0:14:06 stem_lr: 0.00e+00 backbone_lr: 2.12e-05 fc_lr: 8.49e-04 clips/s: 90.50 acc_action-label: 83.97 loss_action-label: 0.33 acc_temporal-region-label: 73.13 loss_temporal-region-label: 0.49 loss: 0.81 time: 0.18 data: 0.00 max_mem: 30.12GB
Train Epoch 0: [3600/8242] eta: 0:13:48 stem_lr: 0.00e+00 backbone_lr: 2.18e-05 fc_lr: 8.74e-04 clips/s: 90.65 acc_action-label: 84.32 loss_action-label: 0.32 acc_temporal-region-label: 73.60 loss_temporal-region-label: 0.48 loss: 0.80 time: 0.18 data: 0.00 max_mem: 30.12GB
Train Epoch 0: [3700/8242] eta: 0:13:30 stem_lr: 0.00e+00 backbone_lr: 2.24e-05 fc_lr: 8.98e-04 clips/s: 90.44 acc_action-label: 84.64 loss_action-label: 0.31 acc_temporal-region-label: 74.01 loss_temporal-region-label: 0.48 loss: 0.79 time: 0.18 data: 0.00 max_mem: 30.12GB
Train Epoch 0: [3800/8242] eta: 0:13:12 stem_lr: 0.00e+00 backbone_lr: 2.31e-05 fc_lr: 9.22e-04 clips/s: 90.41 acc_action-label: 84.90 loss_action-label: 0.31 acc_temporal-region-label: 74.37 loss_temporal-region-label: 0.47 loss: 0.78 time: 0.18 data: 0.00 max_mem: 30.12GB
Train Epoch 0: [3900/8242] eta: 0:12:54 stem_lr: 0.00e+00 backbone_lr: 2.37e-05 fc_lr: 9.46e-04 clips/s: 90.51 acc_action-label: 85.20 loss_action-label: 0.30 acc_temporal-region-label: 74.76 loss_temporal-region-label: 0.47 loss: 0.77 time: 0.18 data: 0.00 max_mem: 30.12GB
Train Epoch 0: [4000/8242] eta: 0:12:36 stem_lr: 0.00e+00 backbone_lr: 2.43e-05 fc_lr: 9.71e-04 clips/s: 90.42 acc_action-label: 85.50 loss_action-label: 0.30 acc_temporal-region-label: 75.14 loss_temporal-region-label: 0.46 loss: 0.76 time: 0.18 data: 0.00 max_mem: 30.12GB
Train Epoch 0: [4100/8242] eta: 0:12:18 stem_lr: 0.00e+00 backbone_lr: 2.49e-05 fc_lr: 9.95e-04 clips/s: 90.48 acc_action-label: 85.80 loss_action-label: 0.29 acc_temporal-region-label: 75.49 loss_temporal-region-label: 0.46 loss: 0.75 time: 0.18 data: 0.00 max_mem: 30.12GB
Train Epoch 0: [4200/8242] eta: 0:12:00 stem_lr: 0.00e+00 backbone_lr: 2.55e-05 fc_lr: 1.02e-03 clips/s: 90.67 acc_action-label: 86.06 loss_action-label: 0.29 acc_temporal-region-label: 75.87 loss_temporal-region-label: 0.45 loss: 0.74 time: 0.18 data: 0.00 max_mem: 30.12GB
Train Epoch 0: [4300/8242] eta: 0:11:42 stem_lr: 0.00e+00 backbone_lr: 2.61e-05 fc_lr: 1.04e-03 clips/s: 90.51 acc_action-label: 86.31 loss_action-label: 0.28 acc_temporal-region-label: 76.20 loss_temporal-region-label: 0.45 loss: 0.73 time: 0.18 data: 0.00 max_mem: 30.12GB
Train Epoch 0: [4400/8242] eta: 0:11:24 stem_lr: 0.00e+00 backbone_lr: 2.67e-05 fc_lr: 1.07e-03 clips/s: 90.52 acc_action-label: 86.53 loss_action-label: 0.28 acc_temporal-region-label: 76.54 loss_temporal-region-label: 0.44 loss: 0.72 time: 0.18 data: 0.00 max_mem: 30.12GB
Train Epoch 0: [4500/8242] eta: 0:11:06 stem_lr: 0.00e+00 backbone_lr: 2.73e-05 fc_lr: 1.09e-03 clips/s: 90.62 acc_action-label: 86.76 loss_action-label: 0.28 acc_temporal-region-label: 76.87 loss_temporal-region-label: 0.44 loss: 0.71 time: 0.18 data: 0.00 max_mem: 30.12GB
Train Epoch 0: [4600/8242] eta: 0:10:48 stem_lr: 0.00e+00 backbone_lr: 2.79e-05 fc_lr: 1.12e-03 clips/s: 90.37 acc_action-label: 86.98 loss_action-label: 0.27 acc_temporal-region-label: 77.15 loss_temporal-region-label: 0.43 loss: 0.70 time: 0.18 data: 0.00 max_mem: 30.12GB
Train Epoch 0: [4700/8242] eta: 0:10:30 stem_lr: 0.00e+00 backbone_lr: 2.85e-05 fc_lr: 1.14e-03 clips/s: 90.47 acc_action-label: 87.18 loss_action-label: 0.27 acc_temporal-region-label: 77.43 loss_temporal-region-label: 0.43 loss: 0.70 time: 0.18 data: 0.00 max_mem: 30.12GB
Train Epoch 0: [4800/8242] eta: 0:10:12 stem_lr: 0.00e+00 backbone_lr: 2.91e-05 fc_lr: 1.16e-03 clips/s: 90.45 acc_action-label: 87.39 loss_action-label: 0.26 acc_temporal-region-label: 77.72 loss_temporal-region-label: 0.42 loss: 0.69 time: 0.18 data: 0.00 max_mem: 30.12GB
Train Epoch 0: [4900/8242] eta: 0:09:55 stem_lr: 0.00e+00 backbone_lr: 2.97e-05 fc_lr: 1.19e-03 clips/s: 90.39 acc_action-label: 87.56 loss_action-label: 0.26 acc_temporal-region-label: 77.98 loss_temporal-region-label: 0.42 loss: 0.68 time: 0.18 data: 0.00 max_mem: 30.12GB
Train Epoch 0: [5000/8242] eta: 0:09:37 stem_lr: 0.00e+00 backbone_lr: 3.03e-05 fc_lr: 1.21e-03 clips/s: 90.51 acc_action-label: 87.74 loss_action-label: 0.26 acc_temporal-region-label: 78.28 loss_temporal-region-label: 0.42 loss: 0.67 time: 0.18 data: 0.00 max_mem: 30.12GB
Train Epoch 0: [5100/8242] eta: 0:09:19 stem_lr: 0.00e+00 backbone_lr: 3.09e-05 fc_lr: 1.24e-03 clips/s: 90.56 acc_action-label: 87.92 loss_action-label: 0.25 acc_temporal-region-label: 78.54 loss_temporal-region-label: 0.41 loss: 0.67 time: 0.18 data: 0.00 max_mem: 30.12GB
Train Epoch 0: [5200/8242] eta: 0:09:01 stem_lr: 0.00e+00 backbone_lr: 3.15e-05 fc_lr: 1.26e-03 clips/s: 90.53 acc_action-label: 88.09 loss_action-label: 0.25 acc_temporal-region-label: 78.77 loss_temporal-region-label: 0.41 loss: 0.66 time: 0.18 data: 0.00 max_mem: 30.12GB
Train Epoch 0: [5300/8242] eta: 0:08:43 stem_lr: 0.00e+00 backbone_lr: 3.22e-05 fc_lr: 1.29e-03 clips/s: 90.44 acc_action-label: 88.25 loss_action-label: 0.25 acc_temporal-region-label: 78.99 loss_temporal-region-label: 0.41 loss: 0.65 time: 0.18 data: 0.00 max_mem: 30.12GB
Train Epoch 0: [5400/8242] eta: 0:08:25 stem_lr: 0.00e+00 backbone_lr: 3.28e-05 fc_lr: 1.31e-03 clips/s: 90.44 acc_action-label: 88.41 loss_action-label: 0.25 acc_temporal-region-label: 79.21 loss_temporal-region-label: 0.40 loss: 0.65 time: 0.18 data: 0.00 max_mem: 30.12GB
Train Epoch 0: [5500/8242] eta: 0:08:07 stem_lr: 0.00e+00 backbone_lr: 3.34e-05 fc_lr: 1.33e-03 clips/s: 90.58 acc_action-label: 88.56 loss_action-label: 0.24 acc_temporal-region-label: 79.43 loss_temporal-region-label: 0.40 loss: 0.64 time: 0.18 data: 0.00 max_mem: 30.12GB
Train Epoch 0: [5600/8242] eta: 0:07:50 stem_lr: 0.00e+00 backbone_lr: 3.40e-05 fc_lr: 1.36e-03 clips/s: 90.38 acc_action-label: 88.71 loss_action-label: 0.24 acc_temporal-region-label: 79.67 loss_temporal-region-label: 0.39 loss: 0.63 time: 0.18 data: 0.00 max_mem: 30.12GB
Train Epoch 0: [5700/8242] eta: 0:07:32 stem_lr: 0.00e+00 backbone_lr: 3.46e-05 fc_lr: 1.38e-03 clips/s: 90.51 acc_action-label: 88.87 loss_action-label: 0.24 acc_temporal-region-label: 79.91 loss_temporal-region-label: 0.39 loss: 0.63 time: 0.18 data: 0.00 max_mem: 30.12GB
Train Epoch 0: [5800/8242] eta: 0:07:21 stem_lr: 0.00e+00 backbone_lr: 3.52e-05 fc_lr: 1.41e-03 clips/s: 86.58 acc_action-label: 89.01 loss_action-label: 0.23 acc_temporal-region-label: 80.11 loss_temporal-region-label: 0.39 loss: 0.62 time: 0.62 data: 0.44 max_mem: 30.12GB
Train Epoch 0: [5900/8242] eta: 0:07:18 stem_lr: 0.00e+00 backbone_lr: 3.58e-05 fc_lr: 1.43e-03 clips/s: 86.53 acc_action-label: 89.17 loss_action-label: 0.23 acc_temporal-region-label: 80.32 loss_temporal-region-label: 0.38 loss: 0.62 time: 0.48 data: 0.29 max_mem: 30.12GB
Train Epoch 0: [6000/8242] eta: 0:07:02 stem_lr: 0.00e+00 backbone_lr: 3.64e-05 fc_lr: 1.46e-03 clips/s: 90.47 acc_action-label: 89.32 loss_action-label: 0.23 acc_temporal-region-label: 80.53 loss_temporal-region-label: 0.38 loss: 0.61 time: 0.18 data: 0.00 max_mem: 30.12GB
Train Epoch 0: [6100/8242] eta: 0:06:42 stem_lr: 0.00e+00 backbone_lr: 3.70e-05 fc_lr: 1.48e-03 clips/s: 90.53 acc_action-label: 89.47 loss_action-label: 0.23 acc_temporal-region-label: 80.73 loss_temporal-region-label: 0.38 loss: 0.60 time: 0.18 data: 0.00 max_mem: 30.12GB
Train Epoch 0: [6200/8242] eta: 0:06:23 stem_lr: 0.00e+00 backbone_lr: 3.76e-05 fc_lr: 1.50e-03 clips/s: 90.45 acc_action-label: 89.60 loss_action-label: 0.22 acc_temporal-region-label: 80.93 loss_temporal-region-label: 0.37 loss: 0.60 time: 0.18 data: 0.00 max_mem: 30.12GB
Train Epoch 0: [6300/8242] eta: 0:06:04 stem_lr: 0.00e+00 backbone_lr: 3.82e-05 fc_lr: 1.53e-03 clips/s: 90.45 acc_action-label: 89.71 loss_action-label: 0.22 acc_temporal-region-label: 81.11 loss_temporal-region-label: 0.37 loss: 0.59 time: 0.18 data: 0.00 max_mem: 30.12GB
Train Epoch 0: [6400/8242] eta: 0:05:45 stem_lr: 0.00e+00 backbone_lr: 3.88e-05 fc_lr: 1.55e-03 clips/s: 90.61 acc_action-label: 89.83 loss_action-label: 0.22 acc_temporal-region-label: 81.31 loss_temporal-region-label: 0.37 loss: 0.59 time: 0.18 data: 0.00 max_mem: 30.12GB
Train Epoch 0: [6500/8242] eta: 0:05:26 stem_lr: 0.00e+00 backbone_lr: 3.94e-05 fc_lr: 1.58e-03 clips/s: 90.60 acc_action-label: 89.97 loss_action-label: 0.22 acc_temporal-region-label: 81.48 loss_temporal-region-label: 0.37 loss: 0.58 time: 0.18 data: 0.00 max_mem: 30.12GB
Train Epoch 0: [6600/8242] eta: 0:05:07 stem_lr: 0.00e+00 backbone_lr: 4.00e-05 fc_lr: 1.60e-03 clips/s: 90.41 acc_action-label: 90.08 loss_action-label: 0.21 acc_temporal-region-label: 81.65 loss_temporal-region-label: 0.36 loss: 0.58 time: 0.18 data: 0.00 max_mem: 30.12GB
Train Epoch 0: [6700/8242] eta: 0:04:48 stem_lr: 0.00e+00 backbone_lr: 4.06e-05 fc_lr: 1.63e-03 clips/s: 90.29 acc_action-label: 90.20 loss_action-label: 0.21 acc_temporal-region-label: 81.85 loss_temporal-region-label: 0.36 loss: 0.57 time: 0.18 data: 0.00 max_mem: 30.12GB
