Warning: You are sending unauthenticated requests to the HF Hub. Please set a HF_TOKEN to enable higher rate limits and faster downloads.
Fetching 4 files:   0%|          | 0/4 [00:00<?, ?it/s]Fetching 4 files: 100%|██████████| 4/4 [00:00<00:00, 14781.69it/s]
Loading weights:   0%|          | 0/750 [00:00<?, ?it/s]Loading weights:   7%|▋         | 50/750 [00:00<00:01, 480.41it/s]Loading weights:  14%|█▎        | 103/750 [00:00<00:01, 497.13it/s]Loading weights:  21%|██        | 158/750 [00:00<00:01, 520.03it/s]Loading weights:  28%|██▊       | 211/750 [00:00<00:01, 492.16it/s]Loading weights:  35%|███▍      | 261/750 [00:00<00:01, 484.57it/s]Loading weights:  41%|████▏     | 311/750 [00:00<00:00, 484.09it/s]Loading weights:  49%|████▉     | 368/750 [00:00<00:00, 505.61it/s]Loading weights:  94%|█████████▍| 707/750 [00:00<00:00, 1391.51it/s]Loading weights: 100%|██████████| 750/750 [00:00<00:00, 874.72it/s] 
[cfg] mode=mean stain=1 n_q=8 use_text=1 | trainable=9.97M | train 4576 | bs=2
[ep-1 init] mAP@0/1/2=[np.float64(0.0), np.float64(0.03), np.float64(0.09)] ndet=277 ngt=647
  ep0 step50/2288 loss 1.9970 | 3.0 samp/s
  ep0 step100/2288 loss 1.6977 | 3.0 samp/s
  ep0 step150/2288 loss 1.5689 | 3.0 samp/s
  ep0 step200/2288 loss 1.4710 | 3.0 samp/s
  ep0 step250/2288 loss 1.4088 | 3.0 samp/s
  ep0 step300/2288 loss 1.3550 | 3.0 samp/s
  ep0 step350/2288 loss 1.3184 | 3.0 samp/s
  ep0 step400/2288 loss 1.2810 | 3.0 samp/s
  ep0 step450/2288 loss 1.2491 | 3.0 samp/s
  ep0 step500/2288 loss 1.2290 | 3.0 samp/s
  ep0 step550/2288 loss 1.2145 | 3.0 samp/s
  ep0 step600/2288 loss 1.1986 | 3.0 samp/s
  ep0 step650/2288 loss 1.1836 | 3.0 samp/s
  ep0 step700/2288 loss 1.1717 | 3.0 samp/s
  ep0 step750/2288 loss 1.1595 | 3.0 samp/s
  ep0 step800/2288 loss 1.1471 | 3.0 samp/s
  ep0 step850/2288 loss 1.1389 | 3.0 samp/s
  ep0 step900/2288 loss 1.1287 | 3.0 samp/s
  ep0 step950/2288 loss 1.1224 | 3.0 samp/s
  ep0 step1000/2288 loss 1.1158 | 3.1 samp/s
  ep0 step1050/2288 loss 1.1105 | 3.1 samp/s
  ep0 step1100/2288 loss 1.1054 | 3.1 samp/s
  ep0 step1150/2288 loss 1.0994 | 3.1 samp/s
  ep0 step1200/2288 loss 1.0932 | 3.1 samp/s
  ep0 step1250/2288 loss 1.0874 | 3.1 samp/s
  ep0 step1300/2288 loss 1.0835 | 3.1 samp/s
  ep0 step1350/2288 loss 1.0784 | 3.1 samp/s
  ep0 step1400/2288 loss 1.0734 | 3.1 samp/s
  ep0 step1450/2288 loss 1.0679 | 3.1 samp/s
  ep0 step1500/2288 loss 1.0648 | 3.1 samp/s
  ep0 step1550/2288 loss 1.0598 | 3.1 samp/s
  ep0 step1600/2288 loss 1.0570 | 3.1 samp/s
  ep0 step1650/2288 loss 1.0520 | 3.1 samp/s
  ep0 step1700/2288 loss 1.0463 | 3.1 samp/s
  ep0 step1750/2288 loss 1.0409 | 3.1 samp/s
  ep0 step1800/2288 loss 1.0378 | 3.1 samp/s
  ep0 step1850/2288 loss 1.0326 | 3.1 samp/s
  ep0 step1900/2288 loss 1.0277 | 3.1 samp/s
  ep0 step1950/2288 loss 1.0227 | 3.1 samp/s
  ep0 step2000/2288 loss 1.0167 | 3.2 samp/s
  ep0 step2050/2288 loss 1.0106 | 3.2 samp/s
  ep0 step2100/2288 loss 1.0043 | 3.2 samp/s
  ep0 step2150/2288 loss 0.9989 | 3.2 samp/s
  ep0 step2200/2288 loss 0.9930 | 3.2 samp/s
  ep0 step2250/2288 loss 0.9874 | 3.2 samp/s
[ep0] loss 0.9831 | mAP@0/1/2=[np.float64(1.47), np.float64(9.16), np.float64(21.34)] ndet=579 ngt=647 | 3.1 samp/s
  ep1 step50/2288 loss 0.7717 | 3.4 samp/s
  ep1 step100/2288 loss 0.7663 | 3.4 samp/s
  ep1 step150/2288 loss 0.7441 | 3.4 samp/s
  ep1 step200/2288 loss 0.7441 | 3.4 samp/s
  ep1 step250/2288 loss 0.7366 | 3.4 samp/s
  ep1 step300/2288 loss 0.7376 | 3.4 samp/s
  ep1 step350/2288 loss 0.7393 | 3.4 samp/s
  ep1 step400/2288 loss 0.7404 | 3.4 samp/s
  ep1 step450/2288 loss 0.7341 | 3.4 samp/s
  ep1 step500/2288 loss 0.7284 | 3.4 samp/s
  ep1 step550/2288 loss 0.7264 | 3.4 samp/s
  ep1 step600/2288 loss 0.7204 | 3.4 samp/s
  ep1 step650/2288 loss 0.7169 | 3.4 samp/s
  ep1 step700/2288 loss 0.7156 | 3.4 samp/s
  ep1 step750/2288 loss 0.7111 | 3.4 samp/s
  ep1 step800/2288 loss 0.7067 | 3.4 samp/s
  ep1 step850/2288 loss 0.7039 | 3.4 samp/s
  ep1 step900/2288 loss 0.6987 | 3.4 samp/s
  ep1 step950/2288 loss 0.6944 | 3.4 samp/s
  ep1 step1000/2288 loss 0.6910 | 3.4 samp/s
  ep1 step1050/2288 loss 0.6916 | 3.4 samp/s
  ep1 step1100/2288 loss 0.6896 | 3.4 samp/s
  ep1 step1150/2288 loss 0.6889 | 3.4 samp/s
  ep1 step1200/2288 loss 0.6871 | 3.4 samp/s
  ep1 step1250/2288 loss 0.6861 | 3.4 samp/s
  ep1 step1300/2288 loss 0.6834 | 3.4 samp/s
  ep1 step1350/2288 loss 0.6814 | 3.4 samp/s
  ep1 step1400/2288 loss 0.6775 | 3.4 samp/s
  ep1 step1450/2288 loss 0.6763 | 3.4 samp/s
  ep1 step1500/2288 loss 0.6748 | 3.4 samp/s
  ep1 step1550/2288 loss 0.6732 | 3.4 samp/s
  ep1 step1600/2288 loss 0.6706 | 3.4 samp/s
  ep1 step1650/2288 loss 0.6684 | 3.4 samp/s
  ep1 step1700/2288 loss 0.6664 | 3.4 samp/s
  ep1 step1750/2288 loss 0.6641 | 3.4 samp/s
  ep1 step1800/2288 loss 0.6639 | 3.4 samp/s
  ep1 step1850/2288 loss 0.6615 | 3.4 samp/s
  ep1 step1900/2288 loss 0.6601 | 3.4 samp/s
  ep1 step1950/2288 loss 0.6586 | 3.4 samp/s
  ep1 step2000/2288 loss 0.6583 | 3.4 samp/s
  ep1 step2050/2288 loss 0.6565 | 3.4 samp/s
  ep1 step2100/2288 loss 0.6555 | 3.4 samp/s
  ep1 step2150/2288 loss 0.6539 | 3.4 samp/s
  ep1 step2200/2288 loss 0.6525 | 3.4 samp/s
  ep1 step2250/2288 loss 0.6513 | 3.4 samp/s
[ep1] loss 0.6498 | mAP@0/1/2=[np.float64(2.52), np.float64(20.38), np.float64(39.63)] ndet=623 ngt=647 | 3.3 samp/s
  ep2 step50/2288 loss 0.5383 | 3.4 samp/s
  ep2 step100/2288 loss 0.5380 | 3.4 samp/s
  ep2 step150/2288 loss 0.5618 | 3.4 samp/s
  ep2 step200/2288 loss 0.5671 | 3.4 samp/s
  ep2 step250/2288 loss 0.5602 | 3.4 samp/s
  ep2 step300/2288 loss 0.5578 | 3.4 samp/s
  ep2 step350/2288 loss 0.5596 | 3.4 samp/s
  ep2 step400/2288 loss 0.5551 | 3.4 samp/s
  ep2 step450/2288 loss 0.5563 | 3.4 samp/s
  ep2 step500/2288 loss 0.5597 | 3.4 samp/s
  ep2 step550/2288 loss 0.5583 | 3.4 samp/s
  ep2 step600/2288 loss 0.5561 | 3.4 samp/s
  ep2 step650/2288 loss 0.5528 | 3.4 samp/s
  ep2 step700/2288 loss 0.5505 | 3.4 samp/s
  ep2 step750/2288 loss 0.5496 | 3.4 samp/s
  ep2 step800/2288 loss 0.5489 | 3.4 samp/s
  ep2 step850/2288 loss 0.5491 | 3.4 samp/s
  ep2 step900/2288 loss 0.5503 | 3.4 samp/s
  ep2 step950/2288 loss 0.5509 | 3.4 samp/s
  ep2 step1000/2288 loss 0.5511 | 3.4 samp/s
  ep2 step1050/2288 loss 0.5512 | 3.4 samp/s
  ep2 step1100/2288 loss 0.5527 | 3.4 samp/s
  ep2 step1150/2288 loss 0.5505 | 3.4 samp/s
  ep2 step1200/2288 loss 0.5493 | 3.4 samp/s
  ep2 step1250/2288 loss 0.5503 | 3.4 samp/s
  ep2 step1300/2288 loss 0.5511 | 3.4 samp/s
  ep2 step1350/2288 loss 0.5510 | 3.4 samp/s
  ep2 step1400/2288 loss 0.5504 | 3.4 samp/s
  ep2 step1450/2288 loss 0.5483 | 3.4 samp/s
  ep2 step1500/2288 loss 0.5493 | 3.4 samp/s
  ep2 step1550/2288 loss 0.5485 | 3.4 samp/s
  ep2 step1600/2288 loss 0.5489 | 3.4 samp/s
  ep2 step1650/2288 loss 0.5485 | 3.4 samp/s
  ep2 step1700/2288 loss 0.5491 | 3.4 samp/s
  ep2 step1750/2288 loss 0.5487 | 3.4 samp/s
  ep2 step1800/2288 loss 0.5483 | 3.4 samp/s
  ep2 step1850/2288 loss 0.5481 | 3.4 samp/s
  ep2 step1900/2288 loss 0.5480 | 3.4 samp/s
  ep2 step1950/2288 loss 0.5477 | 3.4 samp/s
  ep2 step2000/2288 loss 0.5478 | 3.4 samp/s
  ep2 step2050/2288 loss 0.5469 | 3.4 samp/s
  ep2 step2100/2288 loss 0.5463 | 3.4 samp/s
  ep2 step2150/2288 loss 0.5462 | 3.4 samp/s
  ep2 step2200/2288 loss 0.5462 | 3.4 samp/s
  ep2 step2250/2288 loss 0.5465 | 3.4 samp/s
[ep2] loss 0.5454 | mAP@0/1/2=[np.float64(3.8), np.float64(26.51), np.float64(50.07)] ndet=625 ngt=647 | 3.3 samp/s
  ep3 step50/2288 loss 0.5229 | 3.5 samp/s
  ep3 step100/2288 loss 0.5105 | 3.4 samp/s
  ep3 step150/2288 loss 0.5043 | 3.4 samp/s
  ep3 step200/2288 loss 0.5085 | 3.4 samp/s
  ep3 step250/2288 loss 0.5095 | 3.4 samp/s
  ep3 step300/2288 loss 0.5087 | 3.4 samp/s
  ep3 step350/2288 loss 0.5140 | 3.4 samp/s
  ep3 step400/2288 loss 0.5180 | 3.4 samp/s
  ep3 step450/2288 loss 0.5159 | 3.4 samp/s
  ep3 step500/2288 loss 0.5127 | 3.4 samp/s
  ep3 step550/2288 loss 0.5113 | 3.4 samp/s
  ep3 step600/2288 loss 0.5095 | 3.4 samp/s
  ep3 step650/2288 loss 0.5082 | 3.4 samp/s
  ep3 step700/2288 loss 0.5087 | 3.4 samp/s
  ep3 step750/2288 loss 0.5109 | 3.4 samp/s
  ep3 step800/2288 loss 0.5111 | 3.4 samp/s
  ep3 step850/2288 loss 0.5128 | 3.4 samp/s
  ep3 step900/2288 loss 0.5118 | 3.4 samp/s
  ep3 step950/2288 loss 0.5108 | 3.4 samp/s
  ep3 step1000/2288 loss 0.5071 | 3.4 samp/s
  ep3 step1050/2288 loss 0.5066 | 3.4 samp/s
  ep3 step1100/2288 loss 0.5047 | 3.4 samp/s
  ep3 step1150/2288 loss 0.5052 | 3.4 samp/s
  ep3 step1200/2288 loss 0.5052 | 3.4 samp/s
  ep3 step1250/2288 loss 0.5056 | 3.4 samp/s
  ep3 step1300/2288 loss 0.5054 | 3.4 samp/s
  ep3 step1350/2288 loss 0.5050 | 3.4 samp/s
  ep3 step1400/2288 loss 0.5050 | 3.4 samp/s
  ep3 step1450/2288 loss 0.5052 | 3.4 samp/s
  ep3 step1500/2288 loss 0.5039 | 3.4 samp/s
  ep3 step1550/2288 loss 0.5037 | 3.4 samp/s
  ep3 step1600/2288 loss 0.5023 | 3.4 samp/s
  ep3 step1650/2288 loss 0.5025 | 3.4 samp/s
  ep3 step1700/2288 loss 0.5015 | 3.4 samp/s
  ep3 step1750/2288 loss 0.5021 | 3.4 samp/s
  ep3 step1800/2288 loss 0.5034 | 3.4 samp/s
  ep3 step1850/2288 loss 0.5033 | 3.4 samp/s
  ep3 step1900/2288 loss 0.5033 | 3.4 samp/s
  ep3 step1950/2288 loss 0.5042 | 3.4 samp/s
  ep3 step2000/2288 loss 0.5033 | 3.4 samp/s
  ep3 step2050/2288 loss 0.5045 | 3.4 samp/s
  ep3 step2100/2288 loss 0.5044 | 3.4 samp/s
  ep3 step2150/2288 loss 0.5051 | 3.4 samp/s
  ep3 step2200/2288 loss 0.5048 | 3.4 samp/s
  ep3 step2250/2288 loss 0.5038 | 3.4 samp/s
[ep3] loss 0.5036 | mAP@0/1/2=[np.float64(3.39), np.float64(26.28), np.float64(49.86)] ndet=626 ngt=647 | 3.3 samp/s
[done] mean_v1 best mAP@2 50.07
