[cfg] refine4 W=12 mode=film n_lang=2 stages=3 reject=True multi_gt=True | pairs 3498 (pos 3282 / neg 216 / multi 13)
[ep0] loss 1.782 | sNMS @0/1/2=[np.float64(8.0), np.float64(28.6), np.float64(44.6)] (mean 27.06) | noNMS@2=33.6 nms@2=43.9 | 1896 it/s
[ep1] loss 1.383 | sNMS @0/1/2=[np.float64(7.9), np.float64(29.49), np.float64(46.68)] (mean 28.02) | noNMS@2=37.6 nms@2=45.8 | 3668 it/s
[ep2] loss 1.333 | sNMS @0/1/2=[np.float64(6.92), np.float64(30.55), np.float64(43.86)] (mean 27.11) | noNMS@2=39.0 nms@2=42.7 | 3976 it/s
[ep3] loss 1.306 | sNMS @0/1/2=[np.float64(8.91), np.float64(33.8), np.float64(52.41)] (mean 31.71) | noNMS@2=46.3 nms@2=51.0 | 3910 it/s
[ep4] loss 1.268 | sNMS @0/1/2=[np.float64(9.59), np.float64(36.56), np.float64(54.26)] (mean 33.47) | noNMS@2=39.0 nms@2=52.3 | 3760 it/s
[ep5] loss 1.219 | sNMS @0/1/2=[np.float64(10.29), np.float64(37.98), np.float64(56.31)] (mean 34.86) | noNMS@2=41.7 nms@2=54.3 | 3793 it/s
[ep6] loss 1.183 | sNMS @0/1/2=[np.float64(10.42), np.float64(41.16), np.float64(58.16)] (mean 36.58) | noNMS@2=39.0 nms@2=55.0 | 4255 it/s
[ep7] loss 1.147 | sNMS @0/1/2=[np.float64(10.48), np.float64(43.2), np.float64(60.65)] (mean 38.11) | noNMS@2=34.5 nms@2=55.0 | 3805 it/s
[ep8] loss 1.106 | sNMS @0/1/2=[np.float64(10.95), np.float64(39.57), np.float64(58.87)] (mean 36.47) | noNMS@2=42.8 nms@2=56.8 | 3983 it/s
[ep9] loss 1.079 | sNMS @0/1/2=[np.float64(11.93), np.float64(42.83), np.float64(61.12)] (mean 38.63) | noNMS@2=42.9 nms@2=59.1 | 4150 it/s
[ep10] loss 1.034 | sNMS @0/1/2=[np.float64(11.42), np.float64(40.62), np.float64(58.06)] (mean 36.70) | noNMS@2=38.6 nms@2=55.2 | 4218 it/s
[ep11] loss 1.004 | sNMS @0/1/2=[np.float64(10.93), np.float64(42.87), np.float64(59.06)] (mean 37.62) | noNMS@2=42.8 nms@2=57.1 | 4104 it/s
[ep12] loss 0.957 | sNMS @0/1/2=[np.float64(11.93), np.float64(40.9), np.float64(58.02)] (mean 36.95) | noNMS@2=42.0 nms@2=56.1 | 4270 it/s
[ep13] loss 0.935 | sNMS @0/1/2=[np.float64(10.56), np.float64(40.95), np.float64(57.9)] (mean 36.47) | noNMS@2=39.8 nms@2=55.8 | 4504 it/s
[ep14] loss 0.902 | sNMS @0/1/2=[np.float64(12.73), np.float64(40.97), np.float64(57.59)] (mean 37.09) | noNMS@2=41.8 nms@2=55.9 | 4524 it/s
[ep15] loss 0.874 | sNMS @0/1/2=[np.float64(11.52), np.float64(41.45), np.float64(56.39)] (mean 36.45) | noNMS@2=39.6 nms@2=54.4 | 4293 it/s
[ep16] loss 0.827 | sNMS @0/1/2=[np.float64(11.17), np.float64(39.43), np.float64(54.07)] (mean 34.89) | noNMS@2=39.5 nms@2=52.4 | 4424 it/s
[ep17] loss 0.801 | sNMS @0/1/2=[np.float64(11.6), np.float64(38.66), np.float64(54.32)] (mean 34.86) | noNMS@2=38.1 nms@2=52.5 | 4547 it/s
[ep18] loss 0.778 | sNMS @0/1/2=[np.float64(11.45), np.float64(39.14), np.float64(54.46)] (mean 35.02) | noNMS@2=40.5 nms@2=53.0 | 4556 it/s
[ep19] loss 0.741 | sNMS @0/1/2=[np.float64(11.27), np.float64(38.58), np.float64(55.02)] (mean 34.96) | noNMS@2=42.8 nms@2=54.1 | 4576 it/s
[ep20] loss 0.731 | sNMS @0/1/2=[np.float64(11.03), np.float64(38.03), np.float64(54.58)] (mean 34.55) | noNMS@2=43.4 nms@2=53.8 | 4583 it/s
[ep21] loss 0.704 | sNMS @0/1/2=[np.float64(10.98), np.float64(38.15), np.float64(54.12)] (mean 34.42) | noNMS@2=43.4 nms@2=53.4 | 4662 it/s
[ep22] loss 0.683 | sNMS @0/1/2=[np.float64(10.81), np.float64(37.71), np.float64(53.7)] (mean 34.07) | noNMS@2=43.0 nms@2=53.0 | 4601 it/s
[ep23] loss 0.668 | sNMS @0/1/2=[np.float64(10.57), np.float64(37.1), np.float64(53.09)] (mean 33.59) | noNMS@2=42.7 nms@2=52.3 | 4627 it/s
[ep24] loss 0.666 | sNMS @0/1/2=[np.float64(10.6), np.float64(37.02), np.float64(52.52)] (mean 33.38) | noNMS@2=42.6 nms@2=52.0 | 4727 it/s
[ep25] loss 0.656 | sNMS @0/1/2=[np.float64(10.77), np.float64(37.33), np.float64(52.43)] (mean 33.51) | noNMS@2=42.1 nms@2=51.8 | 4590 it/s
[ep26] loss 0.648 | sNMS @0/1/2=[np.float64(10.5), np.float64(37.27), np.float64(52.62)] (mean 33.46) | noNMS@2=42.2 nms@2=52.0 | 4795 it/s
[ep27] loss 0.649 | sNMS @0/1/2=[np.float64(10.48), np.float64(37.37), np.float64(52.48)] (mean 33.44) | noNMS@2=42.3 nms@2=51.9 | 4580 it/s
[ep28] loss 0.648 | sNMS @0/1/2=[np.float64(10.81), np.float64(37.33), np.float64(52.49)] (mean 33.54) | noNMS@2=42.4 nms@2=51.9 | 4696 it/s
[ep29] loss 0.649 | sNMS @0/1/2=[np.float64(10.96), np.float64(37.19), np.float64(52.26)] (mean 33.47) | noNMS@2=42.5 nms@2=51.7 | 4697 it/s
[done] r10_w12_mg best(val,sNMS) @0/1/2=[np.float64(11.93), np.float64(42.83), np.float64(61.12)]
[TEST] r10_w12_mg without NMS  @0/1/2=[np.float64(15.65), np.float64(32.88), np.float64(44.16)]
[TEST] r10_w12_mg NMS (w=1)    @0/1/2=[np.float64(8.29), np.float64(41.36), np.float64(59.39)]
[TEST] r10_w12_mg soft-NMS     @0/1/2=[np.float64(10.9), np.float64(41.55), np.float64(61.74)]
