[cfg] refine4 W=64 mode=film n_lang=2 stages=3 reject=False multi_gt=True | pairs 3471 (pos 3471 / neg 0 / multi 490)
[ep0] loss 1.440 | sNMS @0/1/2=[np.float64(1.01), np.float64(2.94), np.float64(5.35)] (mean 3.10) | noNMS@2=1.3 nms@2=2.8 | 657 it/s
[ep1] loss 1.211 | sNMS @0/1/2=[np.float64(1.08), np.float64(3.2), np.float64(5.68)] (mean 3.32) | noNMS@2=1.1 nms@2=2.6 | 784 it/s
[ep2] loss 1.040 | sNMS @0/1/2=[np.float64(2.71), np.float64(15.75), np.float64(29.01)] (mean 15.82) | noNMS@2=11.4 nms@2=20.7 | 816 it/s
[ep3] loss 0.863 | sNMS @0/1/2=[np.float64(3.76), np.float64(20.07), np.float64(34.5)] (mean 19.44) | noNMS@2=16.2 nms@2=27.3 | 1056 it/s
[ep4] loss 0.756 | sNMS @0/1/2=[np.float64(6.73), np.float64(30.4), np.float64(46.21)] (mean 27.78) | noNMS@2=26.4 nms@2=40.0 | 1167 it/s
[ep5] loss 0.670 | sNMS @0/1/2=[np.float64(7.45), np.float64(34.08), np.float64(50.78)] (mean 30.77) | noNMS@2=31.0 nms@2=45.5 | 1221 it/s
[ep6] loss 0.619 | sNMS @0/1/2=[np.float64(9.09), np.float64(39.12), np.float64(58.94)] (mean 35.71) | noNMS@2=35.3 nms@2=52.4 | 1207 it/s
[ep7] loss 0.552 | sNMS @0/1/2=[np.float64(10.43), np.float64(43.1), np.float64(65.05)] (mean 39.53) | noNMS@2=48.1 nms@2=61.7 | 1236 it/s
[ep8] loss 0.523 | sNMS @0/1/2=[np.float64(10.61), np.float64(44.58), np.float64(65.01)] (mean 40.07) | noNMS@2=47.9 nms@2=61.7 | 1276 it/s
[ep9] loss 0.504 | sNMS @0/1/2=[np.float64(11.63), np.float64(47.1), np.float64(65.42)] (mean 41.38) | noNMS@2=48.0 nms@2=62.0 | 1295 it/s
[ep10] loss 0.481 | sNMS @0/1/2=[np.float64(10.65), np.float64(45.35), np.float64(64.77)] (mean 40.26) | noNMS@2=46.7 nms@2=62.1 | 1258 it/s
[ep11] loss 0.464 | sNMS @0/1/2=[np.float64(11.7), np.float64(45.31), np.float64(67.91)] (mean 41.64) | noNMS@2=50.3 nms@2=65.1 | 1278 it/s
[ep12] loss 0.449 | sNMS @0/1/2=[np.float64(10.78), np.float64(44.18), np.float64(65.42)] (mean 40.13) | noNMS@2=47.5 nms@2=63.1 | 1255 it/s
[ep13] loss 0.439 | sNMS @0/1/2=[np.float64(11.49), np.float64(42.23), np.float64(63.78)] (mean 39.17) | noNMS@2=45.6 nms@2=61.7 | 1285 it/s
[ep14] loss 0.424 | sNMS @0/1/2=[np.float64(13.23), np.float64(45.22), np.float64(65.36)] (mean 41.27) | noNMS@2=47.7 nms@2=63.4 | 1284 it/s
[ep15] loss 0.417 | sNMS @0/1/2=[np.float64(13.17), np.float64(44.98), np.float64(65.01)] (mean 41.05) | noNMS@2=46.2 nms@2=62.9 | 1269 it/s
[ep16] loss 0.404 | sNMS @0/1/2=[np.float64(11.9), np.float64(43.35), np.float64(63.85)] (mean 39.70) | noNMS@2=45.8 nms@2=62.1 | 1277 it/s
[ep17] loss 0.395 | sNMS @0/1/2=[np.float64(12.83), np.float64(43.45), np.float64(63.02)] (mean 39.77) | noNMS@2=44.5 nms@2=61.4 | 1272 it/s
[ep18] loss 0.387 | sNMS @0/1/2=[np.float64(13.67), np.float64(44.62), np.float64(64.6)] (mean 40.96) | noNMS@2=46.2 nms@2=63.2 | 1292 it/s
[ep19] loss 0.376 | sNMS @0/1/2=[np.float64(13.61), np.float64(43.56), np.float64(63.6)] (mean 40.26) | noNMS@2=46.3 nms@2=62.3 | 1298 it/s
[ep20] loss 0.373 | sNMS @0/1/2=[np.float64(12.78), np.float64(41.52), np.float64(61.64)] (mean 38.64) | noNMS@2=45.2 nms@2=60.4 | 1313 it/s
[ep21] loss 0.365 | sNMS @0/1/2=[np.float64(13.13), np.float64(42.68), np.float64(62.06)] (mean 39.29) | noNMS@2=45.6 nms@2=61.1 | 1308 it/s
[ep22] loss 0.359 | sNMS @0/1/2=[np.float64(12.43), np.float64(42.97), np.float64(62.02)] (mean 39.14) | noNMS@2=46.2 nms@2=60.9 | 1295 it/s
[ep23] loss 0.358 | sNMS @0/1/2=[np.float64(12.52), np.float64(42.03), np.float64(61.9)] (mean 38.82) | noNMS@2=45.6 nms@2=60.6 | 1320 it/s
[ep24] loss 0.355 | sNMS @0/1/2=[np.float64(12.58), np.float64(41.97), np.float64(61.55)] (mean 38.70) | noNMS@2=45.7 nms@2=60.7 | 1313 it/s
[ep25] loss 0.354 | sNMS @0/1/2=[np.float64(12.56), np.float64(42.05), np.float64(61.29)] (mean 38.63) | noNMS@2=46.1 nms@2=60.4 | 1328 it/s
[ep26] loss 0.354 | sNMS @0/1/2=[np.float64(12.4), np.float64(41.87), np.float64(61.45)] (mean 38.57) | noNMS@2=46.1 nms@2=60.5 | 1300 it/s
[ep27] loss 0.353 | sNMS @0/1/2=[np.float64(12.4), np.float64(41.94), np.float64(61.41)] (mean 38.58) | noNMS@2=46.1 nms@2=60.4 | 1287 it/s
[ep28] loss 0.354 | sNMS @0/1/2=[np.float64(12.35), np.float64(41.88), np.float64(61.34)] (mean 38.52) | noNMS@2=46.0 nms@2=60.3 | 1287 it/s
[ep29] loss 0.352 | sNMS @0/1/2=[np.float64(12.43), np.float64(41.9), np.float64(61.36)] (mean 38.56) | noNMS@2=46.1 nms@2=60.3 | 1292 it/s
[done] r10_w64_mg best(val,sNMS) @0/1/2=[np.float64(11.7), np.float64(45.31), np.float64(67.91)]
[TEST] r10_w64_mg without NMS  @0/1/2=[np.float64(15.31), np.float64(34.51), np.float64(50.2)]
[TEST] r10_w64_mg NMS (w=1)    @0/1/2=[np.float64(8.88), np.float64(44.07), np.float64(65.74)]
[TEST] r10_w64_mg soft-NMS     @0/1/2=[np.float64(11.27), np.float64(44.83), np.float64(68.39)]
