[cfg] refine4 W=48 mode=film n_lang=2 stages=3 reject=False multi_gt=True | pairs 3448 (pos 3448 / neg 0 / multi 272)
[ep0] loss 1.511 | sNMS @0/1/2=[np.float64(1.3), np.float64(4.2), np.float64(7.88)] (mean 4.46) | noNMS@2=2.2 nms@2=4.4 | 831 it/s
[ep1] loss 1.264 | sNMS @0/1/2=[np.float64(1.4), np.float64(4.36), np.float64(7.52)] (mean 4.43) | noNMS@2=1.7 nms@2=3.7 | 1001 it/s
[ep2] loss 1.019 | sNMS @0/1/2=[np.float64(3.43), np.float64(19.04), np.float64(36.47)] (mean 19.65) | noNMS@2=15.6 nms@2=25.9 | 1073 it/s
[ep3] loss 0.853 | sNMS @0/1/2=[np.float64(5.86), np.float64(25.68), np.float64(40.4)] (mean 23.98) | noNMS@2=20.4 nms@2=33.6 | 1079 it/s
[ep4] loss 0.735 | sNMS @0/1/2=[np.float64(6.42), np.float64(28.94), np.float64(49.77)] (mean 28.38) | noNMS@2=28.5 nms@2=43.6 | 1381 it/s
[ep5] loss 0.662 | sNMS @0/1/2=[np.float64(7.62), np.float64(32.89), np.float64(53.41)] (mean 31.30) | noNMS@2=28.9 nms@2=45.3 | 1416 it/s
[ep6] loss 0.621 | sNMS @0/1/2=[np.float64(7.08), np.float64(33.33), np.float64(56.46)] (mean 32.29) | noNMS@2=31.9 nms@2=49.0 | 1365 it/s
[ep7] loss 0.565 | sNMS @0/1/2=[np.float64(10.68), np.float64(40.1), np.float64(61.08)] (mean 37.29) | noNMS@2=44.9 nms@2=57.7 | 1523 it/s
[ep8] loss 0.532 | sNMS @0/1/2=[np.float64(10.75), np.float64(38.53), np.float64(59.41)] (mean 36.23) | noNMS@2=43.2 nms@2=56.2 | 1522 it/s
[ep9] loss 0.509 | sNMS @0/1/2=[np.float64(11.22), np.float64(43.77), np.float64(63.92)] (mean 39.64) | noNMS@2=48.3 nms@2=61.3 | 1575 it/s
[ep10] loss 0.484 | sNMS @0/1/2=[np.float64(10.65), np.float64(42.11), np.float64(62.74)] (mean 38.50) | noNMS@2=49.3 nms@2=60.4 | 1601 it/s
[ep11] loss 0.463 | sNMS @0/1/2=[np.float64(11.65), np.float64(43.58), np.float64(63.65)] (mean 39.63) | noNMS@2=49.8 nms@2=61.2 | 1574 it/s
[ep12] loss 0.451 | sNMS @0/1/2=[np.float64(10.69), np.float64(45.94), np.float64(64.92)] (mean 40.51) | noNMS@2=50.1 nms@2=62.6 | 1604 it/s
[ep13] loss 0.437 | sNMS @0/1/2=[np.float64(13.02), np.float64(45.01), np.float64(65.18)] (mean 41.07) | noNMS@2=49.7 nms@2=63.0 | 1602 it/s
[ep14] loss 0.421 | sNMS @0/1/2=[np.float64(11.16), np.float64(43.75), np.float64(62.09)] (mean 39.00) | noNMS@2=48.2 nms@2=61.0 | 1634 it/s
[ep15] loss 0.407 | sNMS @0/1/2=[np.float64(12.01), np.float64(43.47), np.float64(63.91)] (mean 39.80) | noNMS@2=48.7 nms@2=62.6 | 1641 it/s
[ep16] loss 0.389 | sNMS @0/1/2=[np.float64(11.95), np.float64(42.01), np.float64(63.22)] (mean 39.06) | noNMS@2=48.9 nms@2=62.0 | 1608 it/s
[ep17] loss 0.384 | sNMS @0/1/2=[np.float64(11.59), np.float64(42.03), np.float64(62.69)] (mean 38.77) | noNMS@2=47.3 nms@2=61.3 | 1630 it/s
[ep18] loss 0.369 | sNMS @0/1/2=[np.float64(11.09), np.float64(44.15), np.float64(62.64)] (mean 39.29) | noNMS@2=49.3 nms@2=61.6 | 1632 it/s
[ep19] loss 0.366 | sNMS @0/1/2=[np.float64(11.09), np.float64(42.82), np.float64(63.2)] (mean 39.04) | noNMS@2=48.1 nms@2=62.1 | 1637 it/s
[ep20] loss 0.361 | sNMS @0/1/2=[np.float64(11.46), np.float64(42.24), np.float64(61.64)] (mean 38.45) | noNMS@2=47.3 nms@2=60.6 | 1616 it/s
[ep21] loss 0.348 | sNMS @0/1/2=[np.float64(11.73), np.float64(41.68), np.float64(58.86)] (mean 37.43) | noNMS@2=45.9 nms@2=58.1 | 1647 it/s
[ep22] loss 0.344 | sNMS @0/1/2=[np.float64(11.35), np.float64(42.21), np.float64(60.43)] (mean 38.00) | noNMS@2=47.4 nms@2=59.6 | 1647 it/s
[ep23] loss 0.339 | sNMS @0/1/2=[np.float64(11.26), np.float64(40.75), np.float64(60.52)] (mean 37.51) | noNMS@2=47.3 nms@2=60.0 | 1640 it/s
[ep24] loss 0.337 | sNMS @0/1/2=[np.float64(11.22), np.float64(41.75), np.float64(60.63)] (mean 37.87) | noNMS@2=47.6 nms@2=60.1 | 1675 it/s
[ep25] loss 0.336 | sNMS @0/1/2=[np.float64(11.14), np.float64(41.28), np.float64(60.61)] (mean 37.68) | noNMS@2=47.9 nms@2=60.1 | 1686 it/s
[ep26] loss 0.334 | sNMS @0/1/2=[np.float64(11.18), np.float64(41.61), np.float64(60.46)] (mean 37.75) | noNMS@2=47.5 nms@2=59.8 | 1651 it/s
[ep27] loss 0.332 | sNMS @0/1/2=[np.float64(11.19), np.float64(41.58), np.float64(60.55)] (mean 37.77) | noNMS@2=47.6 nms@2=59.9 | 1658 it/s
[ep28] loss 0.333 | sNMS @0/1/2=[np.float64(11.19), np.float64(41.54), np.float64(60.65)] (mean 37.79) | noNMS@2=47.6 nms@2=60.0 | 1639 it/s
[ep29] loss 0.336 | sNMS @0/1/2=[np.float64(11.05), np.float64(41.51), np.float64(60.66)] (mean 37.74) | noNMS@2=47.8 nms@2=60.0 | 1627 it/s
[done] r10_w48_mg best(val,sNMS) @0/1/2=[np.float64(13.02), np.float64(45.01), np.float64(65.18)]
[TEST] r10_w48_mg without NMS  @0/1/2=[np.float64(16.08), np.float64(35.95), np.float64(50.69)]
[TEST] r10_w48_mg NMS (w=1)    @0/1/2=[np.float64(8.82), np.float64(43.96), np.float64(63.8)]
[TEST] r10_w48_mg soft-NMS     @0/1/2=[np.float64(11.46), np.float64(44.45), np.float64(66.23)]
