[cfg] refine4 W=48 out_E=8 mode=film n_lang=2 stages=3 reject=True multi_gt=True | pairs 3498 (pos 3222 / neg 276 / multi 1)
[ep0] loss 3.465 | sNMS @0/1/2=[np.float64(3.95), np.float64(10.43), np.float64(18.86)] (mean 11.08) | noNMS@2=6.5 nms@2=11.6 | 1101 it/s
[ep1] loss 3.413 | sNMS @0/1/2=[np.float64(4.33), np.float64(16.23), np.float64(28.74)] (mean 16.43) | noNMS@2=10.5 nms@2=18.0 | 1443 it/s
[ep2] loss 3.165 | sNMS @0/1/2=[np.float64(8.92), np.float64(37.29), np.float64(53.73)] (mean 33.31) | noNMS@2=22.4 nms@2=39.6 | 1495 it/s
[ep3] loss 2.672 | sNMS @0/1/2=[np.float64(7.95), np.float64(36.75), np.float64(56.06)] (mean 33.59) | noNMS@2=35.1 nms@2=50.7 | 1517 it/s
[ep4] loss 2.484 | sNMS @0/1/2=[np.float64(9.59), np.float64(41.48), np.float64(61.72)] (mean 37.60) | noNMS@2=43.2 nms@2=58.1 | 1501 it/s
[ep5] loss 2.361 | sNMS @0/1/2=[np.float64(9.77), np.float64(47.32), np.float64(63.17)] (mean 40.09) | noNMS@2=40.7 nms@2=58.5 | 1550 it/s
[ep6] loss 2.255 | sNMS @0/1/2=[np.float64(10.88), np.float64(47.66), np.float64(64.72)] (mean 41.08) | noNMS@2=41.5 nms@2=59.7 | 1549 it/s
[ep7] loss 2.165 | sNMS @0/1/2=[np.float64(11.14), np.float64(44.2), np.float64(62.85)] (mean 39.40) | noNMS@2=43.0 nms@2=58.8 | 1518 it/s
[ep8] loss 2.068 | sNMS @0/1/2=[np.float64(11.02), np.float64(45.58), np.float64(63.19)] (mean 39.93) | noNMS@2=44.6 nms@2=60.2 | 1499 it/s
[ep9] loss 2.016 | sNMS @0/1/2=[np.float64(10.55), np.float64(46.79), np.float64(62.83)] (mean 40.06) | noNMS@2=45.9 nms@2=59.7 | 1526 it/s
[ep10] loss 1.953 | sNMS @0/1/2=[np.float64(11.03), np.float64(40.49), np.float64(59.97)] (mean 37.16) | noNMS@2=42.1 nms@2=56.4 | 1538 it/s
[ep11] loss 1.866 | sNMS @0/1/2=[np.float64(11.76), np.float64(46.15), np.float64(62.32)] (mean 40.08) | noNMS@2=48.5 nms@2=60.7 | 1529 it/s
[ep12] loss 1.762 | sNMS @0/1/2=[np.float64(11.62), np.float64(43.58), np.float64(60.88)] (mean 38.69) | noNMS@2=46.9 nms@2=59.0 | 1539 it/s
[ep13] loss 1.697 | sNMS @0/1/2=[np.float64(11.15), np.float64(46.04), np.float64(61.48)] (mean 39.56) | noNMS@2=48.7 nms@2=60.0 | 1554 it/s
[ep14] loss 1.620 | sNMS @0/1/2=[np.float64(10.82), np.float64(41.29), np.float64(60.99)] (mean 37.70) | noNMS@2=47.6 nms@2=59.2 | 1488 it/s
[ep15] loss 1.579 | sNMS @0/1/2=[np.float64(11.08), np.float64(42.67), np.float64(62.11)] (mean 38.62) | noNMS@2=49.9 nms@2=60.6 | 1505 it/s
[ep16] loss 1.481 | sNMS @0/1/2=[np.float64(11.07), np.float64(42.4), np.float64(61.33)] (mean 38.27) | noNMS@2=48.7 nms@2=59.6 | 1603 it/s
[ep17] loss 1.439 | sNMS @0/1/2=[np.float64(10.88), np.float64(39.84), np.float64(56.64)] (mean 35.79) | noNMS@2=46.7 nms@2=56.0 | 1576 it/s
[ep18] loss 1.389 | sNMS @0/1/2=[np.float64(10.31), np.float64(41.55), np.float64(59.41)] (mean 37.09) | noNMS@2=50.0 nms@2=58.6 | 1516 it/s
[ep19] loss 1.312 | sNMS @0/1/2=[np.float64(11.04), np.float64(39.79), np.float64(58.85)] (mean 36.56) | noNMS@2=50.3 nms@2=58.4 | 1548 it/s
[ep20] loss 1.275 | sNMS @0/1/2=[np.float64(11.33), np.float64(38.78), np.float64(57.85)] (mean 35.99) | noNMS@2=50.3 nms@2=57.3 | 1561 it/s
[ep21] loss 1.241 | sNMS @0/1/2=[np.float64(10.86), np.float64(39.63), np.float64(58.06)] (mean 36.18) | noNMS@2=50.8 nms@2=58.0 | 1505 it/s
[ep22] loss 1.211 | sNMS @0/1/2=[np.float64(10.76), np.float64(39.99), np.float64(58.36)] (mean 36.37) | noNMS@2=50.9 nms@2=57.8 | 1399 it/s
[ep23] loss 1.178 | sNMS @0/1/2=[np.float64(10.74), np.float64(39.41), np.float64(58.13)] (mean 36.09) | noNMS@2=51.1 nms@2=57.2 | 1483 it/s
[ep24] loss 1.158 | sNMS @0/1/2=[np.float64(10.99), np.float64(39.11), np.float64(57.08)] (mean 35.73) | noNMS@2=50.4 nms@2=56.3 | 1537 it/s
[ep25] loss 1.152 | sNMS @0/1/2=[np.float64(10.93), np.float64(39.16), np.float64(57.66)] (mean 35.92) | noNMS@2=50.9 nms@2=57.1 | 1562 it/s
[ep26] loss 1.147 | sNMS @0/1/2=[np.float64(10.82), np.float64(39.37), np.float64(57.84)] (mean 36.01) | noNMS@2=50.9 nms@2=57.3 | 1568 it/s
[ep27] loss 1.139 | sNMS @0/1/2=[np.float64(10.84), np.float64(39.18), np.float64(57.8)] (mean 35.94) | noNMS@2=50.9 nms@2=57.2 | 1562 it/s
[ep28] loss 1.134 | sNMS @0/1/2=[np.float64(10.96), np.float64(39.21), np.float64(57.71)] (mean 35.96) | noNMS@2=50.9 nms@2=57.1 | 1580 it/s
[ep29] loss 1.144 | sNMS @0/1/2=[np.float64(10.96), np.float64(39.1), np.float64(57.93)] (mean 36.00) | noNMS@2=51.0 nms@2=57.2 | 1639 it/s
[done] r12_in48_out8 best(val,sNMS) @0/1/2=[np.float64(10.88), np.float64(47.66), np.float64(64.72)]
[TEST] r12_in48_out8 without NMS  @0/1/2=[np.float64(17.21), np.float64(34.16), np.float64(43.38)]
[TEST] r12_in48_out8 NMS (w=1)    @0/1/2=[np.float64(8.58), np.float64(45.08), np.float64(60.33)]
[TEST] r12_in48_out8 soft-NMS     @0/1/2=[np.float64(10.56), np.float64(46.64), np.float64(65.01)]
