[cfg] refine4 W=96 out_E=8 mode=film n_lang=2 stages=3 reject=True multi_gt=True | pairs 3498 (pos 3222 / neg 276 / multi 1)
[ep0] loss 3.467 | sNMS @0/1/2=[np.float64(3.97), np.float64(10.67), np.float64(18.24)] (mean 10.96) | noNMS@2=7.1 nms@2=12.1 | 755 it/s
[ep1] loss 3.409 | sNMS @0/1/2=[np.float64(4.83), np.float64(16.45), np.float64(31.35)] (mean 17.54) | noNMS@2=11.0 nms@2=19.0 | 920 it/s
[ep2] loss 3.093 | sNMS @0/1/2=[np.float64(8.7), np.float64(33.69), np.float64(53.72)] (mean 32.04) | noNMS@2=23.3 nms@2=40.8 | 948 it/s
[ep3] loss 2.686 | sNMS @0/1/2=[np.float64(7.38), np.float64(36.94), np.float64(55.26)] (mean 33.19) | noNMS@2=35.8 nms@2=50.0 | 937 it/s
[ep4] loss 2.518 | sNMS @0/1/2=[np.float64(9.53), np.float64(42.38), np.float64(63.29)] (mean 38.40) | noNMS@2=41.3 nms@2=58.7 | 940 it/s
[ep5] loss 2.374 | sNMS @0/1/2=[np.float64(11.94), np.float64(47.23), np.float64(64.53)] (mean 41.23) | noNMS@2=43.5 nms@2=61.0 | 954 it/s
[ep6] loss 2.315 | sNMS @0/1/2=[np.float64(9.11), np.float64(48.65), np.float64(63.97)] (mean 40.58) | noNMS@2=45.6 nms@2=61.0 | 947 it/s
[ep7] loss 2.209 | sNMS @0/1/2=[np.float64(11.32), np.float64(39.75), np.float64(59.94)] (mean 37.00) | noNMS@2=44.0 nms@2=56.9 | 960 it/s
[ep8] loss 2.161 | sNMS @0/1/2=[np.float64(10.33), np.float64(45.39), np.float64(63.84)] (mean 39.85) | noNMS@2=44.9 nms@2=60.4 | 954 it/s
[ep9] loss 2.075 | sNMS @0/1/2=[np.float64(10.82), np.float64(45.37), np.float64(63.06)] (mean 39.75) | noNMS@2=44.7 nms@2=60.2 | 961 it/s
[ep10] loss 1.993 | sNMS @0/1/2=[np.float64(11.28), np.float64(42.88), np.float64(62.28)] (mean 38.81) | noNMS@2=44.9 nms@2=60.0 | 951 it/s
[ep11] loss 1.916 | sNMS @0/1/2=[np.float64(11.62), np.float64(43.7), np.float64(61.47)] (mean 38.93) | noNMS@2=47.4 nms@2=59.7 | 942 it/s
[ep12] loss 1.840 | sNMS @0/1/2=[np.float64(10.71), np.float64(44.8), np.float64(64.28)] (mean 39.93) | noNMS@2=48.1 nms@2=62.3 | 962 it/s
[ep13] loss 1.775 | sNMS @0/1/2=[np.float64(10.45), np.float64(46.46), np.float64(63.84)] (mean 40.25) | noNMS@2=47.1 nms@2=61.7 | 968 it/s
[ep14] loss 1.680 | sNMS @0/1/2=[np.float64(11.54), np.float64(41.17), np.float64(62.74)] (mean 38.49) | noNMS@2=48.8 nms@2=61.1 | 965 it/s
[ep15] loss 1.655 | sNMS @0/1/2=[np.float64(10.76), np.float64(43.74), np.float64(62.34)] (mean 38.95) | noNMS@2=48.9 nms@2=60.8 | 975 it/s
[ep16] loss 1.568 | sNMS @0/1/2=[np.float64(11.39), np.float64(43.27), np.float64(60.22)] (mean 38.29) | noNMS@2=47.7 nms@2=58.8 | 935 it/s
[ep17] loss 1.491 | sNMS @0/1/2=[np.float64(11.84), np.float64(41.72), np.float64(60.32)] (mean 37.96) | noNMS@2=48.6 nms@2=59.4 | 945 it/s
[ep18] loss 1.424 | sNMS @0/1/2=[np.float64(12.51), np.float64(41.71), np.float64(59.63)] (mean 37.95) | noNMS@2=49.1 nms@2=58.7 | 971 it/s
[ep19] loss 1.358 | sNMS @0/1/2=[np.float64(12.13), np.float64(40.42), np.float64(60.82)] (mean 37.79) | noNMS@2=51.7 nms@2=60.0 | 983 it/s
[ep20] loss 1.325 | sNMS @0/1/2=[np.float64(12.58), np.float64(41.27), np.float64(59.7)] (mean 37.85) | noNMS@2=51.5 nms@2=59.3 | 989 it/s
[ep21] loss 1.291 | sNMS @0/1/2=[np.float64(12.41), np.float64(40.53), np.float64(58.31)] (mean 37.08) | noNMS@2=50.9 nms@2=58.1 | 983 it/s
[ep22] loss 1.239 | sNMS @0/1/2=[np.float64(11.54), np.float64(39.44), np.float64(58.87)] (mean 36.62) | noNMS@2=51.8 nms@2=58.7 | 951 it/s
[ep23] loss 1.216 | sNMS @0/1/2=[np.float64(11.78), np.float64(39.54), np.float64(58.29)] (mean 36.54) | noNMS@2=51.2 nms@2=57.8 | 982 it/s
[ep24] loss 1.199 | sNMS @0/1/2=[np.float64(11.88), np.float64(39.78), np.float64(57.84)] (mean 36.50) | noNMS@2=51.3 nms@2=57.3 | 974 it/s
[ep25] loss 1.191 | sNMS @0/1/2=[np.float64(11.9), np.float64(39.59), np.float64(58.14)] (mean 36.54) | noNMS@2=51.4 nms@2=57.8 | 984 it/s
[ep26] loss 1.176 | sNMS @0/1/2=[np.float64(11.99), np.float64(39.84), np.float64(58.67)] (mean 36.83) | noNMS@2=51.8 nms@2=58.3 | 959 it/s
[ep27] loss 1.179 | sNMS @0/1/2=[np.float64(12.01), np.float64(39.85), np.float64(58.71)] (mean 36.86) | noNMS@2=51.8 nms@2=58.3 | 957 it/s
[ep28] loss 1.170 | sNMS @0/1/2=[np.float64(12.14), np.float64(39.91), np.float64(58.49)] (mean 36.85) | noNMS@2=51.8 nms@2=58.1 | 971 it/s
[ep29] loss 1.181 | sNMS @0/1/2=[np.float64(12.22), np.float64(39.63), np.float64(58.51)] (mean 36.79) | noNMS@2=51.6 nms@2=58.0 | 977 it/s
[done] r12_in96_out8 best(val,sNMS) @0/1/2=[np.float64(11.94), np.float64(47.23), np.float64(64.53)]
[TEST] r12_in96_out8 without NMS  @0/1/2=[np.float64(17.32), np.float64(34.82), np.float64(43.94)]
[TEST] r12_in96_out8 NMS (w=1)    @0/1/2=[np.float64(8.38), np.float64(45.83), np.float64(61.69)]
[TEST] r12_in96_out8 soft-NMS     @0/1/2=[np.float64(10.53), np.float64(46.76), np.float64(64.97)]
